生成启动时间为 2012-11-16 13:52:57。
     1>项目“E:\cppcx\VS\Summary\LSI\LSI_2\LSI_2\LSI_2.vcxproj”在节点 2 上(build 个目标)。
     1>InitializeBuildStatus:
         正在创建“Debug\LSI_2.unsuccessfulbuild”，因为已指定“AlwaysCreate”。
       ClCompile:
         c:\Program Files\Microsoft Visual Studio 10.0\VC\bin\CL.exe /c /ZI /nologo /W3 /WX- /Od /Oy- /D WIN32 /D _DEBUG /D _CONSOLE /D _UNICODE /D UNICODE /Gm /EHsc /RTC1 /MDd /GS /fp:precise /Zc:wchar_t /Zc:forScope /Fo"Debug\\" /Fd"Debug\vc100.pdb" /Gd /TP /analyze- /errorReport:prompt LSI_2.cpp
         LSI_2.cpp
     1>e:\cppcx\vs\summary\lsi\lsi_2\lsi_2\lsi_2.cpp(85): warning C4996: 'fopen': This function or variable may be unsafe. Consider using fopen_s instead. To disable deprecation, use _CRT_SECURE_NO_WARNINGS. See online help for details.
                 c:\program files\microsoft visual studio 10.0\vc\include\stdio.h(234) : 参见“fopen”的声明
     1>e:\cppcx\vs\summary\lsi\lsi_2\lsi_2\lsi_2.cpp(86): warning C4996: 'fopen': This function or variable may be unsafe. Consider using fopen_s instead. To disable deprecation, use _CRT_SECURE_NO_WARNINGS. See online help for details.
                 c:\program files\microsoft visual studio 10.0\vc\include\stdio.h(234) : 参见“fopen”的声明
     1>e:\cppcx\vs\summary\lsi\lsi_2\lsi_2\lsi_2.cpp(144): warning C4996: 'gets': This function or variable may be unsafe. Consider using gets_s instead. To disable deprecation, use _CRT_SECURE_NO_WARNINGS. See online help for details.
                 c:\program files\microsoft visual studio 10.0\vc\include\stdio.h(277) : 参见“gets”的声明
     1>e:\cppcx\vs\summary\lsi\lsi_2\lsi_2\lsi_2.cpp(145): warning C4996: 'gets': This function or variable may be unsafe. Consider using gets_s instead. To disable deprecation, use _CRT_SECURE_NO_WARNINGS. See online help for details.
                 c:\program files\microsoft visual studio 10.0\vc\include\stdio.h(277) : 参见“gets”的声明
     1>e:\cppcx\vs\summary\lsi\lsi_2\lsi_2\lsi_2.cpp(147): warning C4018: “<=”: 有符号/无符号不匹配
     1>e:\cppcx\vs\summary\lsi\lsi_2\lsi_2\lsi_2.cpp(161): warning C4018: “<=”: 有符号/无符号不匹配
     1>e:\cppcx\vs\summary\lsi\lsi_2\lsi_2\lsi_2.cpp(213): warning C4996: 'scanf': This function or variable may be unsafe. Consider using scanf_s instead. To disable deprecation, use _CRT_SECURE_NO_WARNINGS. See online help for details.
                 c:\program files\microsoft visual studio 10.0\vc\include\stdio.h(304) : 参见“scanf”的声明
     1>e:\cppcx\vs\summary\lsi\lsi_2\lsi_2\lsi_2.cpp(231): warning C4996: 'scanf': This function or variable may be unsafe. Consider using scanf_s instead. To disable deprecation, use _CRT_SECURE_NO_WARNINGS. See online help for details.
                 c:\program files\microsoft visual studio 10.0\vc\include\stdio.h(304) : 参见“scanf”的声明
     1>e:\cppcx\vs\summary\lsi\lsi_2\lsi_2\lsi_2.cpp(389): warning C4018: “<”: 有符号/无符号不匹配
       ManifestResourceCompile:
         所有输出均为最新。
       Link:
         c:\Program Files\Microsoft Visual Studio 10.0\VC\bin\link.exe /ERRORREPORT:PROMPT /OUT:"E:\cppcx\VS\Summary\LSI\LSI_2\Debug\LSI_2.exe" /INCREMENTAL /NOLOGO libeng.lib libmx.lib libmat.lib kernel32.lib user32.lib gdi32.lib winspool.lib comdlg32.lib advapi32.lib shell32.lib ole32.lib oleaut32.lib uuid.lib odbc32.lib odbccp32.lib /MANIFEST /ManifestFile:"Debug\LSI_2.exe.intermediate.manifest" /MANIFESTUAC:"level='asInvoker' uiAccess='false'" /DEBUG /PDB:"E:\cppcx\VS\Summary\LSI\LSI_2\Debug\LSI_2.pdb" /SUBSYSTEM:CONSOLE /TLBID:1 /DYNAMICBASE /NXCOMPAT /IMPLIB:"E:\cppcx\VS\Summary\LSI\LSI_2\Debug\LSI_2.lib" /MACHINE:X86 Debug\LSI_2.exe.embed.manifest.res
         Debug\LSI_2.obj
       Manifest:
         C:\Program Files\Microsoft SDKs\Windows\v7.0A\bin\mt.exe /nologo /verbose /out:"Debug\LSI_2.exe.embed.manifest" /manifest Debug\LSI_2.exe.intermediate.manifest
         所有输出均为最新。
       LinkEmbedManifest:
         所有输出均为最新。
         LSI_2.vcxproj -> E:\cppcx\VS\Summary\LSI\LSI_2\Debug\LSI_2.exe
       FinalizeBuildStatus:
         正在删除文件“Debug\LSI_2.unsuccessfulbuild”。
         正在对“Debug\LSI_2.lastbuildstate”执行 Touch 任务。
     1>已完成生成项目“E:\cppcx\VS\Summary\LSI\LSI_2\LSI_2\LSI_2.vcxproj”(build 个目标)的操作。

生成成功。

已用时间 00:00:02.24
