E:\CPPCX\VS\SUMMARY\LSI\LSI\DEBUG\LSI.EXE
E:\CPPCX\VS\SUMMARY\LSI\LSI\DEBUG\LSI.ILK
E:\CPPCX\VS\SUMMARY\LSI\LSI\DEBUG\LSI.PDB
E:\cppcx\VS\Summary\LSI\LSI\LSI\Debug\cl.command.1.tlog
E:\cppcx\VS\Summary\LSI\LSI\LSI\Debug\CL.read.1.tlog
E:\cppcx\VS\Summary\LSI\LSI\LSI\Debug\CL.write.1.tlog
E:\cppcx\VS\Summary\LSI\LSI\LSI\Debug\link.1880.read.1.tlog
E:\cppcx\VS\Summary\LSI\LSI\LSI\Debug\link.1880.write.1.tlog
E:\cppcx\VS\Summary\LSI\LSI\LSI\Debug\link.1880-cvtres.read.1.tlog
E:\cppcx\VS\Summary\LSI\LSI\LSI\Debug\link.1880-cvtres.write.1.tlog
E:\cppcx\VS\Summary\LSI\LSI\LSI\Debug\link.3044.read.1.tlog
E:\cppcx\VS\Summary\LSI\LSI\LSI\Debug\link.3044.write.1.tlog
E:\cppcx\VS\Summary\LSI\LSI\LSI\Debug\link.3044-cvtres.read.1.tlog
E:\cppcx\VS\Summary\LSI\LSI\LSI\Debug\link.3044-cvtres.write.1.tlog
E:\cppcx\VS\Summary\LSI\LSI\LSI\Debug\link.4276.read.1.tlog
E:\cppcx\VS\Summary\LSI\LSI\LSI\Debug\link.4276.write.1.tlog
E:\cppcx\VS\Summary\LSI\LSI\LSI\Debug\link.4276-cvtres.read.1.tlog
E:\cppcx\VS\Summary\LSI\LSI\LSI\Debug\link.4276-cvtres.write.1.tlog
E:\cppcx\VS\Summary\LSI\LSI\LSI\Debug\link.4504.read.1.tlog
E:\cppcx\VS\Summary\LSI\LSI\LSI\Debug\link.4504.write.1.tlog
E:\cppcx\VS\Summary\LSI\LSI\LSI\Debug\link.4504-cvtres.read.1.tlog
E:\cppcx\VS\Summary\LSI\LSI\LSI\Debug\link.4504-cvtres.write.1.tlog
E:\cppcx\VS\Summary\LSI\LSI\LSI\Debug\link.6184.read.1.tlog
E:\cppcx\VS\Summary\LSI\LSI\LSI\Debug\link.6184.write.1.tlog
E:\cppcx\VS\Summary\LSI\LSI\LSI\Debug\link.6184-cvtres.read.1.tlog
E:\cppcx\VS\Summary\LSI\LSI\LSI\Debug\link.6184-cvtres.write.1.tlog
E:\cppcx\VS\Summary\LSI\LSI\LSI\Debug\link.7016.read.1.tlog
E:\cppcx\VS\Summary\LSI\LSI\LSI\Debug\link.7016.write.1.tlog
E:\cppcx\VS\Summary\LSI\LSI\LSI\Debug\link.7016-cvtres.read.1.tlog
E:\cppcx\VS\Summary\LSI\LSI\LSI\Debug\link.7016-cvtres.write.1.tlog
E:\cppcx\VS\Summary\LSI\LSI\LSI\Debug\link.8340.read.1.tlog
E:\cppcx\VS\Summary\LSI\LSI\LSI\Debug\link.8340.write.1.tlog
E:\cppcx\VS\Summary\LSI\LSI\LSI\Debug\link.8340-cvtres.read.1.tlog
E:\cppcx\VS\Summary\LSI\LSI\LSI\Debug\link.8340-cvtres.write.1.tlog
E:\cppcx\VS\Summary\LSI\LSI\LSI\Debug\link.9852.read.1.tlog
E:\cppcx\VS\Summary\LSI\LSI\LSI\Debug\link.9852.write.1.tlog
E:\cppcx\VS\Summary\LSI\LSI\LSI\Debug\link.9852-cvtres.read.1.tlog
E:\cppcx\VS\Summary\LSI\LSI\LSI\Debug\link.9852-cvtres.write.1.tlog
E:\cppcx\VS\Summary\LSI\LSI\LSI\Debug\link.command.1.tlog
E:\cppcx\VS\Summary\LSI\LSI\LSI\Debug\link.read.1.tlog
E:\cppcx\VS\Summary\LSI\LSI\LSI\Debug\link.write.1.tlog
E:\cppcx\VS\Summary\LSI\LSI\LSI\Debug\link-cvtres.read.1.tlog
E:\cppcx\VS\Summary\LSI\LSI\LSI\Debug\link-cvtres.write.1.tlog
E:\CPPCX\VS\SUMMARY\LSI\LSI\LSI\DEBUG\LSI.EXE.EMBED.MANIFEST
E:\CPPCX\VS\SUMMARY\LSI\LSI\LSI\DEBUG\LSI.EXE.EMBED.MANIFEST.RES
E:\CPPCX\VS\SUMMARY\LSI\LSI\LSI\DEBUG\LSI.EXE.INTERMEDIATE.MANIFEST
E:\CPPCX\VS\SUMMARY\LSI\LSI\LSI\DEBUG\LSI.OBJ
E:\cppcx\VS\Summary\LSI\LSI\LSI\Debug\LSI_manifest.rc
E:\cppcx\VS\Summary\LSI\LSI\LSI\Debug\mt.command.1.tlog
E:\cppcx\VS\Summary\LSI\LSI\LSI\Debug\mt.read.1.tlog
E:\cppcx\VS\Summary\LSI\LSI\LSI\Debug\mt.write.1.tlog
E:\cppcx\VS\Summary\LSI\LSI\LSI\Debug\rc.command.1.tlog
E:\cppcx\VS\Summary\LSI\LSI\LSI\Debug\rc.read.1.tlog
E:\cppcx\VS\Summary\LSI\LSI\LSI\Debug\rc.write.1.tlog
E:\cppcx\VS\Summary\LSI\LSI\LSI\Debug\vc100.idb
E:\CPPCX\VS\SUMMARY\LSI\LSI\LSI\DEBUG\VC100.PDB
